0 verbose cli /opt/homebrew/Cellar/node/25.2.1/bin/node /opt/homebrew/bin/npm
1 info using npm@11.6.2
2 info using node@v25.2.1
3 silly config load:file:/opt/homebrew/lib/node_modules/npm/npmrc
4 silly config load:file:/Users/mohit/Documents/personal  projects/lead generation/the-corporate-halwai/.npmrc
5 silly config load:file:/Users/mohit/.npmrc
6 silly config load:file:/opt/homebrew/etc/npmrc
7 verbose title npm install firebase
8 verbose argv "install" "firebase" "--cache" ".npm-cache"
9 verbose logfile logs-max:10 dir:/Users/mohit/Documents/personal  projects/lead generation/the-corporate-halwai/.npm-cache/_logs/2026-06-29T06_49_48_043Z-
10 verbose logfile /Users/mohit/Documents/personal  projects/lead generation/the-corporate-halwai/.npm-cache/_logs/2026-06-29T06_49_48_043Z-debug-0.log
11 silly logfile done cleaning log files
12 silly packumentCache heap:4496293888 maxSize:1124073472 maxEntrySize:562036736
13 http fetch GET https://registry.npmjs.org/npm attempt 1 failed with ENOTFOUND
14 silly idealTree buildDeps
15 silly fetch manifest firebase@*
16 silly packumentCache full:https://registry.npmjs.org/firebase cache-miss
17 http fetch GET https://registry.npmjs.org/firebase attempt 1 failed with ENOTFOUND
18 http fetch GET https://registry.npmjs.org/npm attempt 2 failed with ENOTFOUND
19 http fetch GET https://registry.npmjs.org/firebase attempt 2 failed with ENOTFOUND
20 http fetch GET https://registry.npmjs.org/npm attempt 3 failed with ENOTFOUND
21 http fetch GET https://registry.npmjs.org/firebase attempt 3 failed with ENOTFOUND
22 silly placeDep ROOT firebase@ OK for: the-corporate-halwai@0.1.0 want: *
23 verbose type system
24 verbose stack FetchError: request to https://registry.npmjs.org/firebase failed, reason: getaddrinfo ENOTFOUND registry.npmjs.org
24 verbose stack     at ClientRequest.<anonymous> (/opt/homebrew/lib/node_modules/npm/node_modules/minipass-fetch/lib/index.js:130:14)
24 verbose stack     at ClientRequest.emit (node:events:508:28)
24 verbose stack     at emitErrorEvent (node:_http_client:108:11)
24 verbose stack     at _destroy (node:_http_client:962:9)
24 verbose stack     at onSocketNT (node:_http_client:982:5)
24 verbose stack     at process.processTicksAndRejections (node:internal/process/task_queues:90:21)
25 error code ENOTFOUND
26 error syscall getaddrinfo
27 error errno ENOTFOUND
28 error network request to https://registry.npmjs.org/firebase failed, reason: getaddrinfo ENOTFOUND registry.npmjs.org
29 error network This is a problem related to network connectivity.
29 error network In most cases you are behind a proxy or have bad network settings.
29 error network
29 error network If you are behind a proxy, please make sure that the
29 error network 'proxy' config is set properly.  See: 'npm help config'
30 silly unfinished npm timer reify 1782715788300
31 silly unfinished npm timer reify:loadTrees 1782715788302
32 verbose cwd /Users/mohit/Documents/personal  projects/lead generation/the-corporate-halwai
33 verbose os Darwin 24.6.0
34 verbose node v25.2.1
35 verbose npm  v11.6.2
36 verbose exit 1
37 verbose code 1
38 error A complete log of this run can be found in: /Users/mohit/Documents/personal  projects/lead generation/the-corporate-halwai/.npm-cache/_logs/2026-06-29T06_49_48_043Z-debug-0.log
